Error[113]   D:\RP\DISPLAYLED.ASM 5 : Symbol not previously defined (pled)
Error[128]   D:\RP\DISPLAYLED.ASM 5 : Missing argument(s)
Error[113]   D:\RP\DISPLAYLED.ASM 6 : Symbol not previously defined (led)
Error[128]   D:\RP\DISPLAYLED.ASM 6 : Missing argument(s)
Error[113]   D:\RP\DISPLAYLED.ASM 7 : Symbol not previously defined (pled)
Error[128]   D:\RP\DISPLAYLED.ASM 7 : Missing argument(s)
Error[113]   D:\RP\DISPLAYLED.ASM 10 : Symbol not previously defined (pordisp)
Error[113]   D:\RP\DISPLAYLED.ASM 11 : Symbol not previously defined (FSR)
Error[113]   D:\RP\DISPLAYLED.ASM 13 : Symbol not previously defined (PORTB)
Error[113]   D:\RP\DISPLAYLED.ASM 14 : Symbol not previously defined (INDF)
Error[113]   D:\RP\DISPLAYLED.ASM 17 : Symbol not previously defined (PORTD)
Error[113]   D:\RP\DISPLAYLED.ASM 19 : Symbol not previously defined (pordisp)
Error[113]   D:\RP\DISPLAYLED.ASM 21 : Symbol not previously defined (PORTB)
Error[113]   D:\RP\DISPLAYLED.ASM 23 : Symbol not previously defined (pled)
Error[128]   D:\RP\DISPLAYLED.ASM 23 : Missing argument(s)
Error[113]   D:\RP\DISPLAYLED.ASM 24 : Symbol not previously defined (led)
Error[128]   D:\RP\DISPLAYLED.ASM 24 : Missing argument(s)
Error[113]   D:\RP\DISPLAYLED.ASM 26 : Symbol not previously defined (pordisp)
Error[113]   D:\RP\DISPLAYLED.ASM 28 : Symbol not previously defined (pordisp)
Error[113]   D:\RP\DISPLAYLED.ASM 29 : Symbol not previously defined (STATUS)
Error[113]   D:\RP\DISPLAYLED.ASM 30 : Symbol not previously defined (pordisp)
Error[113]   D:\RP\DISPLAYLED.ASM 34 : Symbol not previously defined (PCL)
Error[113]   D:\RP\DISPLAYLED.ASM 53 : Symbol not previously defined (PCL)
Error[129]   D:\RP\DISPLAYLED.ASM 59 : Expected (END)
