Warning[207] D:\RP\HSNBNB\HSNBNB.ASM 11 : Found label after column 1. (vteriny)
Warning[207] D:\RP\HSNBNB\HSNBNB.ASM 12 : Found label after column 1. (disp1)
Warning[207] D:\RP\HSNBNB\HSNBNB.ASM 13 : Found label after column 1. (disp2)
Warning[207] D:\RP\HSNBNB\HSNBNB.ASM 14 : Found label after column 1. (disp3)
Warning[207] D:\RP\HSNBNB\HSNBNB.ASM 15 : Found label after column 1. (disp4)
Warning[207] D:\RP\HSNBNB\HSNBNB.ASM 16 : Found label after column 1. (pordisp)
Warning[207] D:\RP\HSNBNB\HSNBNB.ASM 17 : Found label after column 1. (sec)
Warning[207] D:\RP\HSNBNB\HSNBNB.ASM 19 : Found label after column 1. (pre1)
Warning[207] D:\RP\HSNBNB\HSNBNB.ASM 20 : Found label after column 1. (pre2)
Warning[207] D:\RP\HSNBNB\HSNBNB.ASM 21 : Found label after column 1. (wreg)
Warning[207] D:\RP\HSNBNB\HSNBNB.ASM 23 : Found label after column 1. (pombity)
Warning[207] D:\RP\HSNBNB\HSNBNB.ASM 24 : Found label after column 1. (reg2)
Warning[207] D:\RP\HSNBNB\HSNBNB.ASM 25 : Found label after column 1. (reg1)
Warning[207] D:\RP\HSNBNB\HSNBNB.ASM 26 : Found label after column 1. (pom)
Warning[207] D:\RP\HSNBNB\HSNBNB.ASM 27 : Found label after column 1. (pom2)
Warning[207] D:\RP\HSNBNB\HSNBNB.ASM 29 : Found label after column 1. (budik1)
Warning[207] D:\RP\HSNBNB\HSNBNB.ASM 30 : Found label after column 1. (budik2)
Warning[207] D:\RP\HSNBNB\HSNBNB.ASM 31 : Found label after column 1. (budik3)
Warning[207] D:\RP\HSNBNB\HSNBNB.ASM 32 : Found label after column 1. (budik4)
Warning[207] D:\RP\HSNBNB\HSNBNB.ASM 34 : Found label after column 1. (port)
Warning[207] D:\RP\HSNBNB\HSNBNB.ASM 35 : Found label after column 1. (pred)
Warning[207] D:\RP\HSNBNB\HSNBNB.ASM 36 : Found label after column 1. (cekani)
Message[305] D:\RP\HSNBNB\HSNBNB.ASM 82 : Using default destination of 1 (file).
Message[305] D:\RP\HSNBNB\HSNBNB.ASM 84 : Using default destination of 1 (file).
Message[305] D:\RP\HSNBNB\HSNBNB.ASM 90 : Using default destination of 1 (file).
Message[302] D:\RP\HSNBNB\HSNBNB.ASM 101 : Register in operand not in bank 0.  Ensure that bank bits are correct.
Message[302] D:\RP\HSNBNB\HSNBNB.ASM 108 : Register in operand not in bank 0.  Ensure that bank bits are correct.
Warning[207] D:\RP\HSNBNB\HSNBNB.ASM 130 : Found label after column 1. (start)
Message[302] D:\RP\HSNBNB\HSNBNB.ASM 133 : Register in operand not in bank 0.  Ensure that bank bits are correct.
Message[302] D:\RP\HSNBNB\HSNBNB.ASM 135 : Register in operand not in bank 0.  Ensure that bank bits are correct.
Message[302] D:\RP\HSNBNB\HSNBNB.ASM 136 : Register in operand not in bank 0.  Ensure that bank bits are correct.
Message[302] D:\RP\HSNBNB\HSNBNB.ASM 138 : Register in operand not in bank 0.  Ensure that bank bits are correct.
Message[302] D:\RP\HSNBNB\HSNBNB.ASM 143 : Register in operand not in bank 0.  Ensure that bank bits are correct.
Warning[202] D:\RP\HSNBNB\HSNBNB.ASM 186 : Argument out of range.  Least significant bits used.
Message[305] D:\RP\HSNBNB\HSNBNB.ASM 190 : Using default destination of 1 (file).
Message[305] D:\RP\HSNBNB\HSNBNB.ASM 192 : Using default destination of 1 (file).
Message[305] D:\RP\HSNBNB\HSNBNB.ASM 198 : Using default destination of 1 (file).
Message[305] D:\RP\HSNBNB\HSNBNB.ASM 204 : Using default destination of 1 (file).
Warning[205] D:\RP\HSNBNB\HSNBNB.ASM 208 : Found directive in column 1. (include)
Warning[205] D:\RP\HSNBNB\HSNBNB.ASM 209 : Found directive in column 1. (include)
