MPASM 03.70 Released                                HBNPB.ASM   5-1-2006  14:11:32         PAGE  1


LOC  OBJECT CODE     LINE SOURCE TEXT
  VALUE

                      00001 ;*****************************************************************************************************
                      00002 ;  hodiny
                      00003 ;*****************************************************************************************************
                      00004 ;       ................................................................................................
                            ..
                      00005 ;       Definice symbolu
                      00006 ;       ................................................................................................
                            ..
                      00007                                 list            p=16F877A                               ; deklarece proc
                            esoru
                      00008                                 include         "d:\p16f877a.inc"               ; deklarece registru
                      00001         LIST
                      00002 ; P16F877A.INC  Standard Header File, Version 1.00    Microchip Technology, Inc.
                      00398         LIST
2007   3F31           00009                                 __config        3F31h                                   ; konfiguracni p
                            ojistky
                      00010 ;       ................................................................................................
                            ..
Warning[207]: Found label after column 1. (vteriny)
  00000022            00011                                 vteriny         equ             22h
Warning[207]: Found label after column 1. (disp1)
  00000023            00012                                 disp1           equ             23h
Warning[207]: Found label after column 1. (disp2)
  00000025            00013                                 disp2           equ             25h
Warning[207]: Found label after column 1. (disp3)
  00000024            00014                                 disp3           equ             24h
Warning[207]: Found label after column 1. (disp4)
  00000026            00015                                 disp4           equ             26h
Warning[207]: Found label after column 1. (pordisp)
  00000027            00016                                 pordisp         equ             27h
Warning[207]: Found label after column 1. (sec)
  00000028            00017                                 sec                     equ             28h
                      00018 
Warning[207]: Found label after column 1. (pre1)
  00000029            00019                                 pre1            equ             29h
Warning[207]: Found label after column 1. (pre2)
  0000002A            00020                                 pre2            equ             2ah
Warning[207]: Found label after column 1. (wreg)
  0000002B            00021                                 wreg            equ             2bh     
                      00022 ; new
Warning[207]: Found label after column 1. (pombity)
  00000021            00023                                 pombity         equ             21h
Warning[207]: Found label after column 1. (reg2)
  0000002C            00024                                 reg2            equ             2ch
Warning[207]: Found label after column 1. (reg1)
  0000002D            00025                                 reg1            equ             2dh
Warning[207]: Found label after column 1. (pom)
  0000002E            00026                                 pom                     equ             2eh
Warning[207]: Found label after column 1. (pom2)
  0000002F            00027                                 pom2            equ             2fh     
                      00028 
Warning[207]: Found label after column 1. (budik1)
  00000033            00029                                 budik1          equ             33h
MPASM 03.70 Released                                HBNPB.ASM   5-1-2006  14:11:32         PAGE  2


LOC  OBJECT CODE     LINE SOURCE TEXT
  VALUE

Warning[207]: Found label after column 1. (budik2)
  00000034            00030                                 budik2          equ             34h
Warning[207]: Found label after column 1. (budik3)
  00000035            00031                                 budik3          equ             35h
Warning[207]: Found label after column 1. (budik4)
  00000036            00032                                 budik4          equ             36h                                     
                      00033 ;       ................................................................................................
                            ..
                      00034                                 #define         rp0             STATUS,5                ; volba stranky 
                            pameti dat
                      00035                                 #define         c               STATUS,0                ; carry
                      00036                                 #define         z               STATUS,2                ; zero
                      00037                                 #define         toif    INTCON,2                ; indikace preteceni TMR
                            0
                      00038                                 #define     toie        INTCON,5
                      00039                                 #define         gie             INTCON,7
                      00040 ; new
                      00041                                 #define         indbzuc         pombity,7
                      00042                                 #define         bzucak          PORTC,2
                      00043                                 #define         led                     PORTB,3
                      00044                                 #define         pled            pombity,6
                      00045 
0000                  00046                                 org             0000h
0000   281C           00047                                 goto    start
                      00048 ;       ........................................................................
                      00049 ;       preruseni
0004                  00050                                 org     0004h   
0004   110B           00051                                 bcf             toif                    ; vynulovani bitu toif
0005   00AB           00052                                 movwf   wreg
0006   3001           00053                                 movlw   01h
0007   0081           00054                                 movwf   TMR0
                      00055 
0008   2050           00056                                 call    displej
                      00057 
0009   0AA8           00058                                 incf    sec,F                   ; pricte 1 k registrucitace sekund
000A   30C8           00059                                 movlw   0c8h
000B   0228           00060                                 subwf   sec,w                   ; odecte od sec 200 a ulozi do W
000C   1D03           00061                                 btfss   z                               ; je-li z=1, registr sec neprete
                            kl
000D   281B           00062                                 goto    pkonec
                      00063 
                      00064                                 
000E   3008           00065                                 movlw   d'8'
000F   00AA           00066                                 movwf   pre2
0010   0000           00067                                 nop
0011   0000           00068                                 nop
0012   30E9           00069 pr1:                    movlw   d'233'
0013   00A9           00070                                 movwf   pre1
0014   0000           00071                                 nop
Message[305]: Using default destination of 1 (file).
0015   0BA9           00072 pr0:                    decfsz  pre1
0016   2815           00073                                 goto    pr0
Message[305]: Using default destination of 1 (file).
MPASM 03.70 Released                                HBNPB.ASM   5-1-2006  14:11:32         PAGE  3


LOC  OBJECT CODE     LINE SOURCE TEXT
  VALUE

0017   0BAA           00074                                 decfsz  pre2
0018   2812           00075                                 goto    pr1
                      00076 
0019   207C           00077                                 call    couter
                      00078 
Message[305]: Using default destination of 1 (file).
001A   08AB           00079                                 movf    wreg
001B   0009           00080 pkonec:                 retfie  
                      00081 ;       ................................................................................................
                            ..
                      00082 ;       Inicializace portu
                      00083 ;       ................................................................................................
                            ..
                      00084 
Warning[207]: Found label after column 1. (start)
001C   1683           00085   start:        bsf     rp0                             ; nastaveni BANKY1 - STATUS(RP0)
                      00086                         
001D   3000           00087                                 movlw   B'00000000'
Message[302]: Register in operand not in bank 0.  Ensure that bank bits are correct.
001E   0088           00088                                 movwf   TRISD                   ; portD je vystup
001F   30E0           00089                                 movlw   b'11100000'             ; nastaveni anod displeje B0,B1,B2,B3 ja
                            ko vystupu
Message[302]: Register in operand not in bank 0.  Ensure that bank bits are correct.
0020   0086           00090                                 movwf   TRISB   
Message[302]: Register in operand not in bank 0.  Ensure that bank bits are correct.
0021   1107           00091                                 bcf             TRISC,2                 ; bzucak jako vystup    
0022   30D3           00092                                 movlw   B'11010011'
Message[302]: Register in operand not in bank 0.  Ensure that bank bits are correct.
0023   0081           00093                                 movwf   OPTION_REG              ; konfigurace TMR0 a preddelicky
0024   168B           00094                                 bsf     toie                    ; povoleni preruseni od TMR0
0025   178B           00095                                 bsf             gie                             ; povoleni globalniho pr
                            eruseni
                      00096 
0026   1283           00097                                 bcf     rp0                             ; nastaveni BANKY0 - STATUS(RP0)
0027   30FF           00098                                 movlw   0ffh
0028   0088           00099                                 movwf   PORTD                   ; zhasne vsechny segmenty
                      00100 
0029   01A3           00101                                 clrf    disp1                   ; vynuluje registr disp1
002A   01A5           00102                                 clrf    disp2                   ; vynuluje registr disp2
002B   01A4           00103                                 clrf    disp3                   ; vynuluje registr disp3
002C   01A6           00104                                 clrf    disp4                   ; vynuluje registr disp4
002D   01A7           00105                                 clrf    pordisp                 ; vynulovani poradi displeje
002E   01A8           00106                                 clrf    sec                             ; vynulovani citace sekund
002F   01A2           00107                                 clrf    vteriny                 ; vynuluje registr vteriny
                      00108 
0030   1586           00109                                 bsf     led
                      00110 
0031   3001           00111                                 movlw   1h
0032   00B3           00112                                 movwf   budik1
0033   01B4           00113                                 clrf    budik2
0034   01B5           00114                                 clrf    budik3
0035   01B6           00115                                 clrf    budik4                  
                      00116 ;       ................................................................................................
MPASM 03.70 Released                                HBNPB.ASM   5-1-2006  14:11:32         PAGE  4


LOC  OBJECT CODE     LINE SOURCE TEXT
  VALUE

                            ..
0036   1D86           00117 hlprog:                 btfss   led                             ; test na zapnuti
0037   2836           00118                                 goto    hlprog
                      00119                                 
0038   20A4           00120                                 call    porovnej        
0039   1BA1           00121                                 btfsc   indbzuc                 ; test na rovnost
003A   283C           00122                                 goto    sirena
                      00123 
003B   2836           00124                                 goto    hlprog  
                      00125 
Warning[202]: Argument out of range.  Least significant bits used.
003C   3055           00126 sirena:                 movlw   255h
003D   00AF           00127                                 movwf   pom2
003E   30FF           00128 s3:                             movlw   0ffh
003F   00AE           00129                                 movwf   pom
Message[305]: Using default destination of 1 (file).
0040   0BAE           00130 s2:                             decfsz  pom
0041   2840           00131                                 goto    s2
Message[305]: Using default destination of 1 (file).
0042   0BAF           00132                                 decfsz  pom2
0043   283E           00133                                 goto    s3
0044   1107           00134 s1:                             bcf             bzucak
0045   204B           00135                                 call    zpozdeni
0046   1507           00136                                 bsf             bzucak
0047   204B           00137                                 call    zpozdeni
Message[305]: Using default destination of 1 (file).
0048   0BAC           00138                                 decfsz  reg2
0049   2844           00139                                 goto    s1
004A   2836           00140                                 goto    hlprog
                      00141 
004B   3050           00142 zpozdeni:               movlw   50h
004C   00AD           00143                                 movwf   reg1
Message[305]: Using default destination of 1 (file).
004D   0BAD           00144 cyk1:                   decfsz  reg1
004E   284D           00145                                 goto    cyk1
004F   0008           00146                                 return                                  ; skoci na zacatek smycky
                      00147 ;       ................................................................................................
                            ..
Warning[205]: Found directive in column 1. (include)
                      00148 include "d:\rp\displayled.asm"
                      00001 ; podprogramy pro vyuziti displaye
                      00002 ;       zobrazoje obsah registru 23,24,25,26 na LED zobrazovacich
                      00003 ;       dale vyuziva registry(nutne deklarovat): pordisp,FSR,PORTB,INDF,STATUS
                      00004 
0050   1321           00005 displej:                bcf             pled                    ; pomocny bit pled vynuluj
0051   1986           00006                                 btfsc   led                             ; nesviti led? skoc
0052   1721           00007                                 bsf             pled                    ; sviti led nastav pled na 1
                      00008 
0053   3023           00009                                 movlw   23h                             ; nacte adresu disp1
0054   0727           00010                                 addwf   pordisp,0               ; 23h + portdisp ulozi do stradace
0055   0084           00011                                 movwf   FSR                             ; nastaveni neprime adresy
0056   3017           00012                                 movlw   B'00010111'
0057   0086           00013                                 movwf   PORTB                   ; zhasnuti anod                 
MPASM 03.70 Released                                HBNPB.ASM   5-1-2006  14:11:32         PAGE  5


LOC  OBJECT CODE     LINE SOURCE TEXT
  VALUE

0058   0800           00014                                 movf    INDF,0                  ; nacteni hodnoty - neprime adresovani
                      00015 
0059   2066           00016                                 call    segment                 ; dekodovani binarniho cisla na sedmiseg
                            mentovy kod
005A   0088           00017                                 movwf   PORTD
                      00018 
005B   0827           00019                                 movf    pordisp,0               
005C   2077           00020                                 call    anoda                   ; aktivuje prislusnou anodu
005D   0086           00021                                 movwf   PORTB                   ; aktivuje spravny display, zhasne led
                      00022                                 
005E   1B21           00023                                 btfsc   pled
005F   1586           00024                                 bsf             led                             ; pokud led sviti rozsvi
                            t ji
                      00025                                 
0060   0AA7           00026                                 incf    pordisp,1               ; zvysi obsah pordisp o 1
0061   3004           00027                                 movlw   4
0062   0227           00028                                 subwf   pordisp,0               ; kontroluje zda byly zobrazeny vsechny 
                            ctyri znaky
0063   1903           00029                                 btfsc   STATUS,2
0064   01A7           00030                                 clrf    pordisp                 ; pokud ano vynuluje pocitadlo
0065   0008           00031                                 return
                      00032 ;       ................................................................................................
                            ..
                      00033 ;       podprogram segment
0066   0782           00034 segment:                addwf   PCL,1
0067   34C0           00035                                 RETLW   B'11000000'             ;0
0068   34F9           00036                                 RETLW   B'11111001'             ;1
0069   34A4           00037                                 RETLW   B'10100100'             ;2
006A   34B0           00038                                 RETLW   B'10110000'             ;3
006B   3499           00039                                 RETLW   B'10011001'             ;4
006C   3492           00040                                 RETLW   B'10010010'             ;5
006D   3482           00041                                 RETLW   B'10000010'             ;6
006E   34F8           00042                                 RETLW   B'11111000'             ;7
006F   3480           00043                                 RETLW   B'10000000'             ;8
0070   3490           00044                                 RETLW   B'10010000'             ;9
0071   3488           00045                                 RETLW   B'10001000'             ;A
0072   3483           00046                                 RETLW   B'10000011'             ;B
0073   34C6           00047                                 RETLW   B'11000110'             ;C
0074   34A1           00048                                 RETLW   B'10100001'             ;D
0075   3486           00049                                 RETLW   B'10000110'             ;E
0076   348E           00050                                 RETLW   B'10001110'             ;F
                      00051 ;       ................................................................................................
                            ..
                      00052 ;       podprogram anoda
0077   0782           00053 anoda:                  addwf   PCL,1
0078   3416           00054                                 retlw   B'00010110'             ;1 znak displeje
0079   3413           00055                                 retlw   B'00010011'             ;3 znak displeje
007A   3415           00056                                 retlw   B'00010101'             ;2 znak displeje
007B   3407           00057                                 retlw   B'00000111'             ;4 znak displeje
                      00058 ;       ................................................................................................
                            ..
                      00149 ;       ................................................................................................
                            ..
MPASM 03.70 Released                                HBNPB.ASM   5-1-2006  14:11:32         PAGE  6


LOC  OBJECT CODE     LINE SOURCE TEXT
  VALUE

                      00150 ;       podprogram couter
007C   01A8           00151 couter:                 clrf    sec                             ; vynuluje reg sec
007D   0AA2           00152                                 incf    vteriny,F               ; pricte 1 k registru disp_0 - SeKUNDY
007E   303C           00153                                 movlw   3ch
007F   0222           00154                                 subwf   vteriny,W               ; odecte od vterin sedesat a ulozi do W
0080   1C03           00155                                 btfss   c                               ; je-li z=1, disp_0 pretekl pres
                             9
0081   28A3           00156                                 goto    adr3
                      00157 
0082   01A2           00158                                 clrf    vteriny
0083   0AA3           00159                                 incf    disp1,F                 ; pricte 1 k registru disp1 - MINUTY
0084   300A           00160                                 movlw   0ah
0085   0223           00161                                 subwf   disp1,W                 ; odecte od disp1 desitku a ulozi do W
0086   1D03           00162                                 btfss   z                               ; je-li z=1, disp1 pretekl pres 
                            9
0087   28A3           00163                                 goto    adr3
                      00164 
0088   01A3           00165                                 clrf    disp1
0089   0AA5           00166                                 incf    disp2,F                 ; pricte 1 k registru disp2 - DESITKY MI
                            NUT
008A   3006           00167                                 movlw   6h
008B   0225           00168                                 subwf   disp2,W                 ; odecte od disp2 desitku a ulozi do W
008C   1D03           00169                                 btfss   z                               ; je-li z=1, disp2 pretekl pres 
                            5
008D   28A3           00170                                 goto    adr3
                      00171 
008E   01A5           00172                                 clrf    disp2
008F   0AA4           00173                                 incf    disp3,f                 ; pricte 1 k registru disp3 - HODINY
0090   3004           00174                                 movlw   4h                              
0091   0224           00175                                 subwf   disp3,w
0092   1D03           00176                                 btfss   z                               ; je disp3 vetsi nez 3?
0093   2898           00177                                 goto    adr4                    ; ne
                      00178 
0094   3002           00179                                 movlw   2h                              ; ano
0095   0226           00180                                 subwf   disp4,w                 ; pokud ano tak je disp4 vetsi nez 1?
0096   1903           00181                                 btfsc   z                               ; 
0097   289C           00182                                 goto    adr5                    ; ano 
                      00183 
0098   300A           00184 adr4                    movlw   0ah                             ; ne
0099   0224           00185                                 subwf   disp3,w                 ; odecte od disp3 desitku a ulozi do W
009A   1D03           00186                                 btfss   z                               ; je-li z=1, disp3 pretekl pres 
                            9
009B   28A3           00187                                 goto    adr3
                      00188 
009C   01A4           00189 adr5:                   clrf    disp3
009D   0AA6           00190                                 incf    disp4,f                 ; pricte 1 k registru disp4 - DESITKY MI
                            NUT
009E   3003           00191                                 movlw   3h
009F   0226           00192                                 subwf   disp4,w                 ; odecte od disp4 desitku a ulozi do W
00A0   1D03           00193                                 btfss   z                               ; je-li z=1, disp4 pretekl pres 
                            9
00A1   28A3           00194                                 goto    adr3
00A2   01A6           00195                                 clrf    disp4
MPASM 03.70 Released                                HBNPB.ASM   5-1-2006  14:11:32         PAGE  7


LOC  OBJECT CODE     LINE SOURCE TEXT
  VALUE

00A3   0008           00196 adr3:                   return
                      00197 ; ***************************************************************************************
00A4   0833           00198 porovnej:               movf    budik1,W
00A5   0223           00199                                 subwf   disp1,W
00A6   1D03           00200                                 btfss   z
00A7   28B6           00201                                 goto    endpor1                 ; nerovno -skoc a nastava indbzuc na 0
                      00202 
00A8   0834           00203                                 movf    budik2,W
00A9   0225           00204                                 subwf   disp2,W
00AA   1D03           00205                                 btfss   z
00AB   28B6           00206                                 goto    endpor1                 ; nerovno -skoc a nastava indbzuc na 0
                      00207                                 
00AC   0835           00208                                 movf    budik3,W
00AD   0224           00209                                 subwf   disp3,W
00AE   1D03           00210                                 btfss   z
00AF   28B6           00211                                 goto    endpor1                 ; nerovno -skoc anastava indbzuc na 0
                      00212 
00B0   0836           00213                                 movf    budik4,W
00B1   0226           00214                                 subwf   disp4,W
00B2   1D03           00215                                 btfss   z
00B3   28B6           00216                                 goto    endpor1                 ; nerovno -skoc anastava indbzuc na 0
                      00217                                 
00B4   17A1           00218                                 bsf             indbzuc                 ; rovno nastav indbzuc na 1
00B5   28B7           00219                                 goto    endpor2                 ; preskoc vynulovani indbzuc
                      00220 
00B6   13A1           00221 endpor1:                bcf             indbzuc                 ; vynuluj indbzuc
                      00222                                 
00B7   0008           00223 endpor2:        return                          
                      00224 
                      00225                                 end
MPASM 03.70 Released                                HBNPB.ASM   5-1-2006  14:11:32         PAGE  8


SYMBOL TABLE
  LABEL                             VALUE 

ACKDT                             00000005
ACKEN                             00000004
ACKSTAT                           00000006
ADCON0                            0000001F
ADCON1                            0000009F
ADCS0                             00000006
ADCS1                             00000007
ADDEN                             00000003
ADFM                              00000007
ADIE                              00000006
ADIF                              00000006
ADON                              00000000
ADRESH                            0000001E
ADRESL                            0000009E
BCLIE                             00000003
BCLIF                             00000003
BF                                00000000
BRGH                              00000002
C                                 00000000
C1INV                             00000004
C1OUT                             00000006
C2INV                             00000005
C2OUT                             00000007
CCP1CON                           00000017
CCP1IE                            00000002
CCP1IF                            00000002
CCP1M0                            00000000
CCP1M1                            00000001
CCP1M2                            00000002
CCP1M3                            00000003
CCP1X                             00000005
CCP1Y                             00000004
CCP2CON                           0000001D
CCP2IE                            00000000
CCP2IF                            00000000
CCP2M0                            00000000
CCP2M1                            00000001
CCP2M2                            00000002
CCP2M3                            00000003
CCP2X                             00000005
CCP2Y                             00000004
CCPR1H                            00000016
CCPR1L                            00000015
CCPR2H                            0000001C
CCPR2L                            0000001B
CHS0                              00000003
CHS1                              00000004
CHS2                              00000005
CIS                               00000003
CKE                               00000006
CKP                               00000004
CM0                               00000000
CM1                               00000001
MPASM 03.70 Released                                HBNPB.ASM   5-1-2006  14:11:32         PAGE  9


SYMBOL TABLE
  LABEL                             VALUE 

CM2                               00000002
CMCON                             0000009C
CMIE                              00000006
CMIF                              00000006
CREN                              00000004
CSRC                              00000007
CVR0                              00000000
CVR1                              00000001
CVR2                              00000002
CVR3                              00000003
CVRCON                            0000009D
CVREN                             00000007
CVROE                             00000006
CVRR                              00000005
D                                 00000005
DATA_ADDRESS                      00000005
DC                                00000001
D_A                               00000005
EEADR                             0000010D
EEADRH                            0000010F
EECON1                            0000018C
EECON2                            0000018D
EEDATA                            0000010C
EEDATH                            0000010E
EEIE                              00000004
EEIF                              00000004
EEPGD                             00000007
F                                 00000001
FERR                              00000002
FSR                               00000004
GCEN                              00000007
GIE                               00000007
GO                                00000002
GO_DONE                           00000002
I2C_DATA                          00000005
I2C_READ                          00000002
I2C_START                         00000003
I2C_STOP                          00000004
IBF                               00000007
IBOV                              00000005
INDF                              00000000
INTCON                            0000000B
INTE                              00000004
INTEDG                            00000006
INTF                              00000001
IRP                               00000007
NOT_A                             00000005
NOT_ADDRESS                       00000005
NOT_BO                            00000000
NOT_BOR                           00000000
NOT_DONE                          00000002
NOT_PD                            00000003
NOT_POR                           00000001
MPASM 03.70 Released                                HBNPB.ASM   5-1-2006  14:11:32         PAGE 10


SYMBOL TABLE
  LABEL                             VALUE 

NOT_RBPU                          00000007
NOT_RC8                           00000006
NOT_T1SYNC                        00000002
NOT_TO                            00000004
NOT_TX8                           00000006
NOT_W                             00000002
NOT_WRITE                         00000002
OBF                               00000006
OERR                              00000001
OPTION_REG                        00000081
P                                 00000004
PCFG0                             00000000
PCFG1                             00000001
PCFG2                             00000002
PCFG3                             00000003
PCL                               00000002
PCLATH                            0000000A
PCON                              0000008E
PEIE                              00000006
PEN                               00000002
PIE1                              0000008C
PIE2                              0000008D
PIR1                              0000000C
PIR2                              0000000D
PORTA                             00000005
PORTB                             00000006
PORTC                             00000007
PORTD                             00000008
PORTE                             00000009
PR2                               00000092
PS0                               00000000
PS1                               00000001
PS2                               00000002
PSA                               00000003
PSPIE                             00000007
PSPIF                             00000007
PSPMODE                           00000004
R                                 00000002
RBIE                              00000003
RBIF                              00000000
RC8_9                             00000006
RC9                               00000006
RCD8                              00000000
RCEN                              00000003
RCIE                              00000005
RCIF                              00000005
RCREG                             0000001A
RCSTA                             00000018
RD                                00000000
READ_WRITE                        00000002
RP0                               00000005
RP1                               00000006
RSEN                              00000001
MPASM 03.70 Released                                HBNPB.ASM   5-1-2006  14:11:32         PAGE 11


SYMBOL TABLE
  LABEL                             VALUE 

RX9                               00000006
RX9D                              00000000
R_W                               00000002
S                                 00000003
SEN                               00000000
SMP                               00000007
SPBRG                             00000099
SPEN                              00000007
SREN                              00000005
SSPADD                            00000093
SSPBUF                            00000013
SSPCON                            00000014
SSPCON2                           00000091
SSPEN                             00000005
SSPIE                             00000003
SSPIF                             00000003
SSPM0                             00000000
SSPM1                             00000001
SSPM2                             00000002
SSPM3                             00000003
SSPOV                             00000006
SSPSTAT                           00000094
STATUS                            00000003
SYNC                              00000004
T0CS                              00000005
T0IE                              00000005
T0IF                              00000002
T0SE                              00000004
T1CKPS0                           00000004
T1CKPS1                           00000005
T1CON                             00000010
T1INSYNC                          00000002
T1OSCEN                           00000003
T1SYNC                            00000002
T2CKPS0                           00000000
T2CKPS1                           00000001
T2CON                             00000012
TMR0                              00000001
TMR0IE                            00000005
TMR0IF                            00000002
TMR1CS                            00000001
TMR1H                             0000000F
TMR1IE                            00000000
TMR1IF                            00000000
TMR1L                             0000000E
TMR1ON                            00000000
TMR2                              00000011
TMR2IE                            00000001
TMR2IF                            00000001
TMR2ON                            00000002
TOUTPS0                           00000003
TOUTPS1                           00000004
TOUTPS2                           00000005
MPASM 03.70 Released                                HBNPB.ASM   5-1-2006  14:11:32         PAGE 12


SYMBOL TABLE
  LABEL                             VALUE 

TOUTPS3                           00000006
TRISA                             00000085
TRISB                             00000086
TRISC                             00000087
TRISD                             00000088
TRISE                             00000089
TRISE0                            00000000
TRISE1                            00000001
TRISE2                            00000002
TRMT                              00000001
TX8_9                             00000006
TX9                               00000006
TX9D                              00000000
TXD8                              00000000
TXEN                              00000005
TXIE                              00000004
TXIF                              00000004
TXREG                             00000019
TXSTA                             00000098
UA                                00000001
W                                 00000000
WCOL                              00000007
WR                                00000001
WREN                              00000002
WRERR                             00000003
Z                                 00000002
_BODEN_OFF                        00003FBF
_BODEN_ON                         00003FFF
_CPD_OFF                          00003FFF
_CPD_ON                           00003EFF
_CP_ALL                           00001FFF
_CP_OFF                           00003FFF
_DEBUG_OFF                        00003FFF
_DEBUG_ON                         000037FF
_HS_OSC                           00003FFE
_LP_OSC                           00003FFC
_LVP_OFF                          00003F7F
_LVP_ON                           00003FFF
_PWRTE_OFF                        00003FFF
_PWRTE_ON                         00003FF7
_RC_OSC                           00003FFF
_WDT_OFF                          00003FFB
_WDT_ON                           00003FFF
_WRT_1FOURTH                      00003BFF
_WRT_256                          00003DFF
_WRT_HALF                         000039FF
_WRT_OFF                          00003FFF
_XT_OSC                           00003FFD
__16F877A                         00000001
adr3                              000000A3
adr4                              00000098
adr5                              0000009C
anoda                             00000077
MPASM 03.70 Released                                HBNPB.ASM   5-1-2006  14:11:32         PAGE 13


SYMBOL TABLE
  LABEL                             VALUE 

budik1                            00000033
budik2                            00000034
budik3                            00000035
budik4                            00000036
bzucak                            PORTC,2
c                                 STATUS,0
couter                            0000007C
cyk1                              0000004D
disp1                             00000023
disp2                             00000025
disp3                             00000024
disp4                             00000026
displej                           00000050
endpor1                           000000B6
endpor2                           000000B7
gie                               INTCON,7
hlprog                            00000036
indbzuc                           pombity,7
led                               PORTB,3
pkonec                            0000001B
pled                              pombity,6
pom                               0000002E
pom2                              0000002F
pombity                           00000021
pordisp                           00000027
porovnej                          000000A4
pr0                               00000015
pr1                               00000012
pre1                              00000029
pre2                              0000002A
reg1                              0000002D
reg2                              0000002C
rp0                               STATUS,5
s1                                00000044
s2                                00000040
s3                                0000003E
sec                               00000028
segment                           00000066
sirena                            0000003C
start                             0000001C
toie                              INTCON,5
toif                              INTCON,2
vteriny                           00000022
wreg                              0000002B
z                                 STATUS,2
zpozdeni                          0000004B
MPASM 03.70 Released                                HBNPB.ASM   5-1-2006  14:11:32         PAGE 14


MEMORY USAGE MAP ('X' = Used,  '-' = Unused)


0000 : X---XXXXXXXXXXXX XXXXXXXXXXXXXXXX XXXXXXXXXXXXXXXX XXXXXXXXXXXXXXXX
0040 : XXXXXXXXXXXXXXXX XXXXXXXXXXXXXXXX XXXXXXXXXXXXXXXX XXXXXXXXXXXXXXXX
0080 : XXXXXXXXXXXXXXXX XXXXXXXXXXXXXXXX XXXXXXXXXXXXXXXX XXXXXXXX--------
2000 : -------X-------- ---------------- ---------------- ----------------

All other memory blocks unused.

Program Memory Words Used:   181
Program Memory Words Free:  8011


Errors   :     0
Warnings :    22 reported,     0 suppressed
Messages :    11 reported,     0 suppressed

